Traceback (most recent call last):
  File "/home/runner/work/Adhesion/venv/lib/python3.8/site-packages/jupyter_cache/executors/utils.py", line 58, in single_nb_execution
    executenb(
  File "/home/runner/work/Adhesion/venv/lib/python3.8/site-packages/nbclient/client.py", line 1305, in execute
    return NotebookClient(nb=nb, resources=resources, km=km, **kwargs).execute()
  File "/home/runner/work/Adhesion/venv/lib/python3.8/site-packages/jupyter_core/utils/__init__.py", line 165, in wrapped
    return loop.run_until_complete(inner)
  File "/usr/lib/python3.8/asyncio/base_events.py", line 616, in run_until_complete
    return future.result()
  File "/home/runner/work/Adhesion/venv/lib/python3.8/site-packages/nbclient/client.py", line 705, in async_execute
    await self.async_execute_cell(
  File "/home/runner/work/Adhesion/venv/lib/python3.8/site-packages/nbclient/client.py", line 1058, in async_execute_cell
    await self._check_raise_for_error(cell, cell_index, exec_reply)
  File "/home/runner/work/Adhesion/venv/lib/python3.8/site-packages/nbclient/client.py", line 914, in _check_raise_for_error
    raise CellExecutionError.from_cell_and_msg(cell, exec_reply_content)
nbclient.exceptions.CellExecutionError: An error occurred while executing the following cell:
------------------
import numpy as np

from SurfaceTopography import make_sphere
from Adhesion.Interactions import Exponential, Lj82
from Adhesion.Interactions.cutoffs import LinearCorePotential
from ContactMechanics import (FreeFFTElasticHalfSpace)
from Adhesion.System import SmoothContactSystem, BoundedSmoothContactSystem
------------------


[0;31m---------------------------------------------------------------------------[0m
[0;31mModuleNotFoundError[0m                       Traceback (most recent call last)
Cell [0;32mIn[2], line 5[0m
[1;32m      3[0m [38;5;28;01mfrom[39;00m [38;5;21;01mSurfaceTopography[39;00m [38;5;28;01mimport[39;00m make_sphere
[1;32m      4[0m [38;5;28;01mfrom[39;00m [38;5;21;01mAdhesion[39;00m[38;5;21;01m.[39;00m[38;5;21;01mInteractions[39;00m [38;5;28;01mimport[39;00m Exponential, Lj82
[0;32m----> 5[0m [38;5;28;01mfrom[39;00m [38;5;21;01mAdhesion[39;00m[38;5;21;01m.[39;00m[38;5;21;01mInteractions[39;00m[38;5;21;01m.[39;00m[38;5;21;01mcutoffs[39;00m [38;5;28;01mimport[39;00m LinearCorePotential
[1;32m      6[0m [38;5;28;01mfrom[39;00m [38;5;21;01mContactMechanics[39;00m [38;5;28;01mimport[39;00m (FreeFFTElasticHalfSpace)
[1;32m      7[0m [38;5;28;01mfrom[39;00m [38;5;21;01mAdhesion[39;00m[38;5;21;01m.[39;00m[38;5;21;01mSystem[39;00m [38;5;28;01mimport[39;00m SmoothContactSystem, BoundedSmoothContactSystem

[0;31mModuleNotFoundError[0m: No module named 'Adhesion.Interactions.cutoffs'

